2025-09-03 11:42:53,935 - INFO - 🧪 Test generazione articolo
2025-09-03 11:42:53,935 - INFO - Inizio generazione di 1 articoli
2025-09-03 11:42:53,935 - INFO - Caricamento modello: microsoft/DialoGPT-medium
2025-09-03 11:43:45,944 - INFO - Modello caricato con successo
2025-09-03 11:43:45,944 - INFO - Generazione articolo: Guida Completa agli ETF commodities: Come Investire nel 2025
2025-09-03 11:43:57,582 - ERROR - Errore nella generazione dell'articolo: Numpy is not available
2025-09-03 11:43:57,582 - WARNING - Fallita generazione articolo 1
2025-09-03 11:43:57,583 - INFO - Generazione completata: 0 articoli creati
2025-09-03 11:43:57,583 - WARNING - ⚠️ Test fallito
2025-09-03 11:45:16,645 - INFO - 🧪 Test generazione articolo
2025-09-03 11:45:16,645 - INFO - Inizio generazione di 1 articoli
2025-09-03 11:45:16,645 - INFO - Caricamento modello: microsoft/DialoGPT-medium
2025-09-03 11:45:17,984 - INFO - Modello caricato con successo
2025-09-03 11:45:17,984 - INFO - Generazione articolo: Analisi ETF dividend yield: Opportunità e Rischi nel 2025
2025-09-03 11:45:25,448 - ERROR - Errore nella generazione dell'articolo: Numpy is not available
2025-09-03 11:45:25,448 - ERROR - Errore nella generazione dell'articolo 1: 'ETFArticleGenerator' object has no attribute 'create_fallback_article'
2025-09-03 11:45:25,448 - INFO - Generazione completata: 0 articoli creati
2025-09-03 11:45:25,448 - WARNING - ⚠️ Test fallito
2025-09-03 11:45:51,703 - INFO - 🧪 Test generazione articolo
2025-09-03 11:45:51,703 - INFO - Inizio generazione di 1 articoli
2025-09-03 11:45:51,703 - INFO - Caricamento modello: microsoft/DialoGPT-medium
2025-09-03 11:45:53,399 - INFO - Modello caricato con successo
2025-09-03 11:45:53,399 - INFO - Generazione articolo: Guida Completa agli ETF commodities: Come Investire nel 2025
2025-09-03 11:46:11,349 - ERROR - Errore nella generazione dell'articolo: Numpy is not available
2025-09-03 11:46:11,350 - INFO - Articolo di fallback creato: Guida Completa agli ETF commodities: Come Investire nel 2025
2025-09-03 11:46:11,350 - INFO - Articolo salvato: generated_articles/article_guida-completa-agli-etf-commodities-come-investire-nel-2025-1756892771.json
2025-09-03 11:46:11,351 - INFO - Articolo 1/1 completato
2025-09-03 11:46:13,351 - INFO - Generazione completata: 1 articoli creati
2025-09-03 11:46:13,366 - INFO - ✅ Test completato: Guida Completa agli ETF commodities: Come Investire nel 2025
2025-09-03 11:54:50,982 - INFO - Inizio generazione di 2 articoli
2025-09-03 11:54:50,983 - INFO - Caricamento modello: microsoft/DialoGPT-medium
2025-09-03 11:54:52,585 - INFO - Modello caricato con successo
2025-09-03 11:54:52,586 - INFO - Generazione articolo: Analisi ETF immobiliari REIT: Opportunità e Rischi nel 2025
2025-09-03 11:55:18,844 - ERROR - Errore nella generazione dell'articolo: Numpy is not available
2025-09-03 11:55:18,844 - INFO - Articolo di fallback creato: Analisi ETF immobiliari REIT: Opportunità e Rischi nel 2025
2025-09-03 11:55:18,845 - INFO - Articolo salvato: generated_articles/article_analisi-etf-immobiliari-reit-opportunità-e-rischi-nel-2025-1756893318.json
2025-09-03 11:55:18,845 - INFO - Articolo 1/2 completato
2025-09-03 11:55:20,845 - INFO - Generazione articolo: Trend ETF commodities: Previsioni per il 2025
2025-09-03 11:55:38,026 - ERROR - Errore nella generazione dell'articolo: Numpy is not available
2025-09-03 11:55:38,026 - INFO - Articolo di fallback creato: Trend ETF commodities: Previsioni per il 2025
2025-09-03 11:55:38,027 - INFO - Articolo salvato: generated_articles/article_trend-etf-commodities-previsioni-per-il-2025-1756893338.json
2025-09-03 11:55:38,027 - INFO - Articolo 2/2 completato
2025-09-03 11:55:40,031 - INFO - Generazione completata: 2 articoli creati
2025-09-03 12:31:13,417 - INFO - Caricamento modello: microsoft/DialoGPT-medium
2025-09-03 12:31:14,849 - INFO - Modello caricato con successo
2025-09-03 12:31:14,849 - INFO - Inizio generazione di 2 articoli
2025-09-03 12:31:14,850 - INFO - Generazione articolo: Analisi ETF commodities: Opportunità e Rischi nel 2025
2025-09-03 12:31:21,453 - ERROR - Errore nella generazione dell'articolo: Numpy is not available
2025-09-03 12:31:21,453 - INFO - Articolo di fallback creato: Analisi ETF commodities: Opportunità e Rischi nel 2025
2025-09-03 12:31:21,455 - INFO - Articolo salvato: generated_articles/article_analisi-etf-commodities-opportunità-e-rischi-nel-2025-1756895481.json
2025-09-03 12:31:21,455 - INFO - Articolo 1/2 completato
2025-09-03 12:31:23,458 - INFO - Generazione articolo: Strategie di Investimento con ETF dividend yield nel 2025
2025-09-03 12:31:43,113 - ERROR - Errore nella generazione dell'articolo: Numpy is not available
2025-09-03 12:31:43,113 - INFO - Articolo di fallback creato: Strategie di Investimento con ETF dividend yield nel 2025
2025-09-03 12:31:43,114 - INFO - Articolo salvato: generated_articles/article_strategie-di-investimento-con-etf-dividend-yield-nel-2025-1756895503.json
2025-09-03 12:31:43,114 - INFO - Articolo 2/2 completato
2025-09-03 12:31:45,118 - INFO - Generazione completata: 2 articoli creati
